<?xml version="1.0" encoding="UTF-8"?>
<!-- Generated by org.testng.reporters.JUnitXMLReporter -->
<testsuite ignored="1" hostname="DESKTOP-5JOFOUD" failures="0" tests="7" name="Default test" time="0.19" errors="0" timestamp="2024-05-23T14:27:15 IST">
  <testcase classname="practice.demo" name="m1" time="0.02"/>
  <testcase classname="practice.demo" name="m1" time="0.003"/>
  <testcase classname="practice.demo" name="m1" time="0.013"/>
  <testcase classname="practice.demo" name="m1" time="0.002"/>
  <testcase classname="practice.demo" name="m1" time="0.001"/>
  <testcase classname="practice.demo" name="m3" time="0.003"/>
  <testcase classname="practice.demo" name="m2" time="0.007"/>
  <testcase classname="practice.demo" name="m" time="0.0">
    <ignored/>
  </testcase> <!-- m -->
</testsuite> <!-- Default test -->
