<?xml version="1.0" encoding="UTF-8"?>
<testng-results ignored="0" total="8" passed="8" failed="0" skipped="0">
  <reporter-output>
  </reporter-output>
  <suite started-at="2024-05-23T14:32:07 IST" name="batch" finished-at="2024-05-23T14:32:07 IST" duration-ms="193">
    <groups>
    </groups>
    <test started-at="2024-05-23T14:32:07 IST" name="Test" finished-at="2024-05-23T14:32:07 IST" duration-ms="193">
      <class name="practice.demo">
        <test-method signature="m1()[pri:0, instance:practice.demo@63376bed]" started-at="2024-05-23T14:32:07 IST" name="m1" finished-at="2024-05-23T14:32:07 IST" duration-ms="17" status="PASS">
          <reporter-output>
          </reporter-output>
        </test-method> <!-- m1 -->
        <test-method signature="m1()[pri:0, instance:practice.demo@63376bed]" started-at="2024-05-23T14:32:07 IST" name="m1" finished-at="2024-05-23T14:32:07 IST" duration-ms="2" status="PASS">
          <reporter-output>
          </reporter-output>
        </test-method> <!-- m1 -->
        <test-method signature="m1()[pri:0, instance:practice.demo@63376bed]" started-at="2024-05-23T14:32:07 IST" name="m1" finished-at="2024-05-23T14:32:07 IST" duration-ms="8" status="PASS">
          <reporter-output>
          </reporter-output>
        </test-method> <!-- m1 -->
        <test-method signature="m1()[pri:0, instance:practice.demo@63376bed]" started-at="2024-05-23T14:32:07 IST" name="m1" finished-at="2024-05-23T14:32:07 IST" duration-ms="3" status="PASS">
          <reporter-output>
          </reporter-output>
        </test-method> <!-- m1 -->
        <test-method signature="m1()[pri:0, instance:practice.demo@63376bed]" started-at="2024-05-23T14:32:07 IST" name="m1" finished-at="2024-05-23T14:32:07 IST" duration-ms="2" status="PASS">
          <reporter-output>
          </reporter-output>
        </test-method> <!-- m1 -->
        <test-method signature="m3()[pri:0, instance:practice.demo@63376bed]" started-at="2024-05-23T14:32:07 IST" name="m3" finished-at="2024-05-23T14:32:07 IST" duration-ms="3" status="PASS">
          <reporter-output>
          </reporter-output>
        </test-method> <!-- m3 -->
        <test-method signature="m2()[pri:2, instance:practice.demo@63376bed]" started-at="2024-05-23T14:32:07 IST" name="m2" finished-at="2024-05-23T14:32:07 IST" duration-ms="6" status="PASS">
          <reporter-output>
          </reporter-output>
        </test-method> <!-- m2 -->
      </class> <!-- practice.demo -->
      <class name="practice.demo1">
        <test-method signature="f()[pri:0, instance:practice.demo1@6e6f2380]" started-at="2024-05-23T14:32:07 IST" name="f" finished-at="2024-05-23T14:32:07 IST" duration-ms="7" status="PASS">
          <reporter-output>
          </reporter-output>
        </test-method> <!-- f -->
      </class> <!-- practice.demo1 -->
    </test> <!-- Test -->
  </suite> <!-- batch -->
</testng-results>
