<?xml version="1.0" encoding="UTF-8"?>
<!-- Generated by org.testng.reporters.JUnitXMLReporter -->
<testsuite ignored="1" hostname="DESKTOP-5JOFOUD" failures="0" tests="8" name="Test" time="0.193" errors="0" timestamp="2024-05-23T14:32:07 IST">
  <testcase classname="practice.demo" name="m1" time="0.017"/>
  <testcase classname="practice.demo" name="m1" time="0.002"/>
  <testcase classname="practice.demo" name="m1" time="0.008"/>
  <testcase classname="practice.demo" name="m1" time="0.003"/>
  <testcase classname="practice.demo" name="m1" time="0.002"/>
  <testcase classname="practice.demo" name="m3" time="0.003"/>
  <testcase classname="practice.demo" name="m2" time="0.006"/>
  <testcase classname="practice.demo1" name="f" time="0.007"/>
  <testcase classname="practice.demo" name="m" time="0.0">
    <ignored/>
  </testcase> <!-- m -->
</testsuite> <!-- Test -->
